TN:
SF:src\app.js
FNF:0
FNH:0
DA:1,1
DA:2,1
DA:3,1
DA:4,1
DA:5,1
DA:6,1
DA:8,1
DA:10,1
DA:11,1
DA:13,1
DA:25,1
DA:26,1
DA:28,1
LF:13
LH:13
BRF:0
BRH:0
end_of_record
TN:
SF:src\config\swagger.js
FNF:0
FNH:0
DA:1,1
DA:3,1
DA:35,1
LF:3
LH:3
BRF:0
BRH:0
end_of_record
TN:
SF:src\controllers\orderController.js
FN:6,(anonymous_0)
FN:53,(anonymous_1)
FN:58,(anonymous_2)
FNF:3
FNH:1
FNDA:1,(anonymous_0)
FNDA:0,(anonymous_1)
FNDA:0,(anonymous_2)
DA:1,1
DA:2,1
DA:3,1
DA:4,1
DA:6,1
DA:7,1
DA:9,1
DA:12,1
DA:13,1
DA:17,0
DA:20,0
DA:21,0
DA:23,0
DA:24,0
DA:26,0
DA:27,0
DA:29,0
DA:36,0
DA:39,0
DA:45,0
DA:48,0
DA:49,0
DA:53,1
DA:54,0
DA:55,0
DA:58,1
DA:59,0
DA:60,0
LF:28
LH:11
BRDA:12,0,0,1
BRDA:12,0,1,0
BRF:2
BRH:1
end_of_record
TN:
SF:src\models\order.js
FNF:0
FNH:0
DA:1,1
DA:3,1
DA:27,1
LF:3
LH:3
BRF:0
BRH:0
end_of_record
TN:
SF:src\routes\orderRoutes.js
FNF:0
FNH:0
DA:1,1
DA:2,1
DA:7,1
DA:34,1
DA:46,1
DA:65,1
DA:67,1
LF:7
LH:7
BRF:0
BRH:0
end_of_record
TN:
SF:src\services\productService.js
FN:5,(anonymous_0)
FNF:1
FNH:0
FNDA:0,(anonymous_0)
DA:1,1
DA:3,1
DA:5,1
DA:6,0
DA:13,0
DA:16,1
LF:6
LH:4
BRF:0
BRH:0
end_of_record
TN:
SF:src\services\userService.js
FN:5,(anonymous_0)
FNF:1
FNH:0
FNDA:0,(anonymous_0)
DA:1,1
DA:3,1
DA:5,1
DA:6,0
DA:7,0
DA:14,0
DA:15,0
DA:17,0
DA:21,0
DA:22,0
DA:26,1
LF:11
LH:4
BRDA:14,0,0,0
BRDA:14,0,1,0
BRF:2
BRH:0
end_of_record
